#
# There is insufficient memory for the Java Runtime Environment to continue.
# Native memory allocation (mmap) failed to map 134217728 bytes for Failed to commit area from 0x0000000081200000 to 0x0000000089200000 of length 134217728.
# Possible reasons:
#   The system is out of physical RAM or swap space
#   The process is running with CompressedOops enabled, and the Java Heap may be blocking the growth of the native heap
# Possible solutions:
#   Reduce memory load on the system
#   Increase physical memory or swap space
#   Check if swap backing store is full
#   Decrease Java heap size (-Xmx/-Xms)
#   Decrease number of Java threads
#   Decrease Java thread stack sizes (-Xss)
#   Set larger code cache with -XX:ReservedCodeCacheSize=
# This output file may be truncated or incomplete.
#
#  Out of Memory Error (t:/workspace/open/src/hotspot/os/windows/os_windows.cpp:3301), pid=5232, tid=17268
#
# JRE version:  (13.0.1+9) (build )
# Java VM: Java HotSpot(TM) 64-Bit Server VM (13.0.1+9, mixed mode, aot, sharing, tiered, compressed oops, g1 gc, windows-amd64)
# No core dump will be written. Minidumps are not enabled by default on client versions of Windows
#

---------------  S U M M A R Y ------------

Command Line: -Dfile.encoding=UTF-8 com.connecsen.jereserve.JreserveApplication

Host: Intel(R) Core(TM) i5-4288U CPU @ 2.60GHz, 4 cores, 7G,  Windows 10 , 64 bit Build 22000 (10.0.22000.318)
Time: Mon Jan 10 10:17:13 2022 Greenwich elapsed time: 0 seconds (0d 0h 0m 0s)

---------------  T H R E A D  ---------------

Current thread (0x0000017b99e10800):  JavaThread "Unknown thread" [_thread_in_vm, id=17268, stack(0x000000131d900000,0x000000131da00000)]

Stack: [0x000000131d900000,0x000000131da00000]
Native frames: (J=compiled Java code, j=interpreted, Vv=VM code, C=native code)
V  [jvm.dll+0x626eca]
V  [jvm.dll+0x772c6a]
V  [jvm.dll+0x77441f]
V  [jvm.dll+0x774a23]
V  [jvm.dll+0x24da58]
V  [jvm.dll+0x62438a]
V  [jvm.dll+0x618f75]
V  [jvm.dll+0x30c61c]
V  [jvm.dll+0x30c452]
V  [jvm.dll+0x311bc6]
V  [jvm.dll+0x355ce6]
V  [jvm.dll+0x3554c0]
V  [jvm.dll+0x2e729a]
V  [jvm.dll+0x2e8532]
V  [jvm.dll+0x74fcd8]
V  [jvm.dll+0x363739]
V  [jvm.dll+0x732dc5]
V  [jvm.dll+0x3ce2ef]
V  [jvm.dll+0x3d0611]
C  [jli.dll+0x51ff]
C  [ucrtbase.dll+0x26c0c]
C  [KERNEL32.DLL+0x154e0]
C  [ntdll.dll+0x485b]


---------------  P R O C E S S  ---------------

Threads class SMR info:
_java_thread_list=0x00007ff864a646b8, length=0, elements={
}

Java Threads: ( => current thread )

Other Threads:
  0x0000017b99e54800 GCTaskThread "GC Thread#0" [stack: 0x000000131da00000,0x000000131db00000] [id=2724]
  0x0000017b99e67800 ConcurrentGCThread "G1 Main Marker" [stack: 0x000000131db00000,0x000000131dc00000] [id=8108]
  0x0000017b99e69000 ConcurrentGCThread "G1 Conc#0" [stack: 0x000000131dc00000,0x000000131dd00000] [id=2148]

[error occurred during error reporting (printing all threads), id 0xc0000005, EXCEPTION_ACCESS_VIOLATION (0xc0000005) at pc=0x00007ff864296f67]

VM state:not at safepoint (not fully initialized)

VM Mutex/Monitor currently owned by a thread:  ([mutex/lock_event])
[0x0000017b99e0cf90] Heap_lock - owner thread: 0x0000017b99e10800

Heap address: 0x0000000081200000, size: 2030 MB, Compressed Oops mode: Non-zero based: 0x0000000081200000
Narrow klass base: 0x0000000000000000, Narrow klass shift: 0

GC Heap History (0 events):
No events

Deoptimization events (0 events):
No events

Classes unloaded (0 events):
No events

Classes redefined (0 events):
No events

Internal exceptions (0 events):
No events

Events (8 events):
Event: 0.032 Loaded shared library C:\Program Files\Java\jdk-13.0.1\bin\zip.dll
Event: 0.034 Loaded shared library C:\Program Files\Java\jdk-13.0.1\bin\jimage.dll
Event: 0.039 Loading shared library C:\Program Files\Java\jdk-13.0.1\lib\libjava.base-coop.dll failed, error code 126
Event: 0.039 Loading shared library C:\Program Files\Java\jdk-13.0.1\lib\libjava.logging-coop.dll failed, error code 126
Event: 0.040 Loading shared library C:\Program Files\Java\jdk-13.0.1\lib\libjdk.compiler-coop.dll failed, error code 126
Event: 0.040 Loading shared library C:\Program Files\Java\jdk-13.0.1\lib\libjdk.scripting.nashorn-coop.dll failed, error code 126
Event: 0.040 Loading shared library C:\Program Files\Java\jdk-13.0.1\lib\libjdk.internal.vm.ci-coop.dll failed, error code 126
Event: 0.040 Loading shared library C:\Program Files\Java\jdk-13.0.1\lib\libjdk.internal.vm.compiler-coop.dll failed, error code 126


Dynamic libraries:
0x00007ff7fafd0000 - 0x00007ff7fafdf000 	C:\Program Files\Java\jdk-13.0.1\bin\javaw.exe
0x00007ff8c9f00000 - 0x00007ff8ca107000 	C:\Windows\SYSTEM32\ntdll.dll
0x00007ff8c9030000 - 0x00007ff8c90ed000 	C:\Windows\System32\KERNEL32.DLL
0x00007ff8c7660000 - 0x00007ff8c79d4000 	C:\Windows\System32\KERNELBASE.dll
0x00007ff8c74a0000 - 0x00007ff8c75b1000 	C:\Windows\System32\ucrtbase.dll
0x00007ff8b7650000 - 0x00007ff8b7668000 	C:\Program Files\Java\jdk-13.0.1\bin\jli.dll
0x00007ff8c8f80000 - 0x00007ff8c902c000 	C:\Windows\System32\ADVAPI32.dll
0x00007ff8c8310000 - 0x00007ff8c83b3000 	C:\Windows\System32\msvcrt.dll
0x00007ff8c9310000 - 0x00007ff8c93ad000 	C:\Windows\System32\sechost.dll
0x00007ff8c7d90000 - 0x00007ff8c7eb1000 	C:\Windows\System32\RPCRT4.dll
0x00007ff8c7ec0000 - 0x00007ff8c806c000 	C:\Windows\System32\USER32.dll
0x00007ff8c7a50000 - 0x00007ff8c7a76000 	C:\Windows\System32\win32u.dll
0x00007ff8c8f50000 - 0x00007ff8c8f79000 	C:\Windows\System32\GDI32.dll
0x00007ff8c7c70000 - 0x00007ff8c7d82000 	C:\Windows\System32\gdi32full.dll
0x00007ff8c75c0000 - 0x00007ff8c765d000 	C:\Windows\System32\msvcp_win.dll
0x00007ff89c700000 - 0x00007ff89c715000 	C:\Program Files\Java\jdk-13.0.1\bin\VCRUNTIME140.dll
0x00007ff8b6870000 - 0x00007ff8b6b15000 	C:\Windows\WinSxS\amd64_microsoft.windows.common-controls_6595b64144ccf1df_6.0.22000.120_none_9d947278b86cc467\COMCTL32.dll
0x00007ff8bbdf0000 - 0x00007ff8bbdfa000 	C:\Windows\SYSTEM32\VERSION.dll
0x00007ff8c92d0000 - 0x00007ff8c9301000 	C:\Windows\System32\IMM32.DLL
0x00007ff87f9e0000 - 0x00007ff87fa7b000 	C:\Program Files\Java\jdk-13.0.1\bin\msvcp140.dll
0x00007ff863fa0000 - 0x00007ff864b06000 	C:\Program Files\Java\jdk-13.0.1\bin\server\jvm.dll
0x00007ff8c8070000 - 0x00007ff8c8078000 	C:\Windows\System32\PSAPI.DLL
0x00007ff8aab30000 - 0x00007ff8aab39000 	C:\Windows\SYSTEM32\WSOCK32.dll
0x00007ff8c9e50000 - 0x00007ff8c9ebf000 	C:\Windows\System32\WS2_32.dll
0x00007ff8c2860000 - 0x00007ff8c2893000 	C:\Windows\SYSTEM32\WINMM.dll
0x00007ff8c65f0000 - 0x00007ff8c6608000 	C:\Windows\SYSTEM32\kernel.appcore.dll
0x00007ff8b89c0000 - 0x00007ff8b89d0000 	C:\Program Files\Java\jdk-13.0.1\bin\verify.dll
0x00007ff8b6220000 - 0x00007ff8b6441000 	C:\Windows\SYSTEM32\DBGHELP.DLL
0x00007ff8b5b60000 - 0x00007ff8b5b91000 	C:\Windows\SYSTEM32\dbgcore.DLL
0x00007ff8c7bf0000 - 0x00007ff8c7c6f000 	C:\Windows\System32\bcryptPrimitives.dll
0x00007ff8a9a90000 - 0x00007ff8a9ab6000 	C:\Program Files\Java\jdk-13.0.1\bin\java.dll
0x00007ff8b3620000 - 0x00007ff8b3637000 	C:\Program Files\Java\jdk-13.0.1\bin\zip.dll
0x00007ff8b4370000 - 0x00007ff8b437a000 	C:\Program Files\Java\jdk-13.0.1\bin\jimage.dll

dbghelp: loaded successfully - version: 4.0.5 - missing functions: none
symbol engine: initialized successfully - sym options: 0x614 - pdb path: .;C:\Program Files\Java\jdk-13.0.1\bin;C:\Windows\SYSTEM32;C:\Windows\WinSxS\amd64_microsoft.windows.common-controls_6595b64144ccf1df_6.0.22000.120_none_9d947278b86cc467;C:\Program Files\Java\jdk-13.0.1\bin\server

VM Arguments:
jvm_args: -Dfile.encoding=UTF-8 
java_command: com.connecsen.jereserve.JreserveApplication
java_class_path (initial): C:\Users\yabyo\projet-connecsen\je-reserve\target\classes;C:\Users\yabyo\.m2\repository\org\springframework\boot\spring-boot-starter-data-jpa\2.5.2\spring-boot-starter-data-jpa-2.5.2.jar;C:\Users\yabyo\.m2\repository\org\springframework\boot\spring-boot-starter-aop\2.5.2\spring-boot-starter-aop-2.5.2.jar;C:\Users\yabyo\.m2\repository\org\aspectj\aspectjweaver\1.9.6\aspectjweaver-1.9.6.jar;C:\Users\yabyo\.m2\repository\org\springframework\boot\spring-boot-starter-jdbc\2.5.2\spring-boot-starter-jdbc-2.5.2.jar;C:\Users\yabyo\.m2\repository\com\zaxxer\HikariCP\4.0.3\HikariCP-4.0.3.jar;C:\Users\yabyo\.m2\repository\org\springframework\spring-jdbc\5.3.8\spring-jdbc-5.3.8.jar;C:\Users\yabyo\.m2\repository\jakarta\transaction\jakarta.transaction-api\1.3.3\jakarta.transaction-api-1.3.3.jar;C:\Users\yabyo\.m2\repository\jakarta\persistence\jakarta.persistence-api\2.2.3\jakarta.persistence-api-2.2.3.jar;C:\Users\yabyo\.m2\repository\org\hibernate\hibernate-core\5.4.32.Final\hibernate-core-5.4.32.Final.jar;C:\Users\yabyo\.m2\repository\org\jboss\logging\jboss-logging\3.4.2.Final\jboss-logging-3.4.2.Final.jar;C:\Users\yabyo\.m2\repository\org\javassist\javassist\3.27.0-GA\javassist-3.27.0-GA.jar;C:\Users\yabyo\.m2\repository\net\bytebuddy\byte-buddy\1.10.22\byte-buddy-1.10.22.jar;C:\Users\yabyo\.m2\repository\antlr\antlr\2.7.7\antlr-2.7.7.jar;C:\Users\yabyo\.m2\repository\org\jboss\jandex\2.2.3.Final\jandex-2.2.3.Final.jar;C:\Users\yabyo\.m2\repository\com\fasterxml\classmate\1.5.1\classmate-1.5.1.jar;C:\Users\yabyo\.m2\repository\org\dom4j\dom4j\2.1.3\dom4j-2.1.3.jar;C:\Users\yabyo\.m2\repository\org\hibernate\common\hibernate-commons-annotations\5.1.2.Final\hibernate-commons-annotations-5.1.2.Final.jar;C:\Users\yabyo\.m2\repository\org\glassfish\jaxb\jaxb-runtime\2.3.4\jaxb-runtime-2.3.4.jar;C:\Users\yabyo\.m2\repository\org\glassfish\jaxb\txw2\2.3.4\txw2-2.3.4.jar;C:\Users\yabyo\.m2\repository\com\sun\istack\istack-commons-runtime\3.0.12\istack-co
Launcher Type: SUN_STANDARD

[Global flags]
     intx CICompilerCount                          = 3                                         {product} {ergonomic}
     uint ConcGCThreads                            = 1                                         {product} {ergonomic}
     uint G1ConcRefinementThreads                  = 4                                         {product} {ergonomic}
   size_t G1HeapRegionSize                         = 1048576                                   {product} {ergonomic}
    uintx GCDrainStackTargetSize                   = 64                                        {product} {ergonomic}
   size_t InitialHeapSize                          = 134217728                                 {product} {ergonomic}
   size_t MarkStackSize                            = 4194304                                   {product} {ergonomic}
   size_t MaxHeapSize                              = 2128609280                                {product} {ergonomic}
   size_t MinHeapDeltaBytes                        = 1048576                                   {product} {ergonomic}
   size_t MinHeapSize                              = 8388608                                   {product} {ergonomic}
    uintx NonNMethodCodeHeapSize                   = 5830732                                {pd product} {ergonomic}
    uintx NonProfiledCodeHeapSize                  = 122913754                              {pd product} {ergonomic}
    uintx ProfiledCodeHeapSize                     = 122913754                              {pd product} {ergonomic}
    uintx ReservedCodeCacheSize                    = 251658240                              {pd product} {ergonomic}
     bool SegmentedCodeCache                       = true                                      {product} {ergonomic}
   size_t SoftMaxHeapSize                          = 2128609280                             {manageable} {ergonomic}
     bool UseCompressedClassPointers               = true                                 {lp64_product} {ergonomic}
     bool UseCompressedOops                        = true                                 {lp64_product} {ergonomic}
     bool UseG1GC                                  = true                                      {product} {ergonomic}
     bool UseLargePagesIndividualAllocation        = false                                  {pd product} {ergonomic}

Logging:
Log output configuration:
 #0: stdout all=warning uptime,level,tags
 #1: stderr all=off uptime,level,tags

Environment Variables:
JAVA_HOME=C:\Program Files\Java\jdk-13.0.1
PATH=C:/Program Files/Java/jdk-13.0.1/bin/server;C:/Program Files/Java/jdk-13.0.1/bin;C:\Program Files (x86)\Intel\Intel(R) Management Engine Components\iCLS\;C:\Program Files\Intel\Intel(R) Management Engine Components\iCLS\;C:\Windows\system32;C:\Windows;C:\Windows\System32\Wbem;C:\Windows\System32\WindowsPowerShell\v1.0\;C:\Windows\System32\OpenSSH\;C:\Program Files (x86)\Intel\Intel(R) Management Engine Components\DAL;C:\Program Files\Intel\Intel(R) Management Engine Components\DAL;C:\Program Files (x86)\Intel\Intel(R) Management Engine Components\IPT;C:\Program Files\Intel\Intel(R) Management Engine Components\IPT;C:\Program Files\Git\cmd;C:\Program Files\Git\mingw64\bin;C:\Program Files\Git\usr\bin;C:\Program Files\nodejs\;C:\Program Files\MySQL\MySQL Shell 8.0\bin\;C:\Users\yabyo\AppData\Local\Microsoft\WindowsApps;C:\Program Files\Java\jdk-13.0.1\bin;C:\apache-jmeter-5.4.1\bin;C:\apache-maven-3.6.3\bin;C:\Program Files\Docker Toolbox;C:\Users\yabyo\AppData\Roaming\npm;C:\Users\yabyo\AppData\Local\Programs\Microsoft VS Code\bin;C:\Windows\System32;
USERNAME=Arouna
OS=Windows_NT
PROCESSOR_IDENTIFIER=Intel64 Family 6 Model 69 Stepping 1, GenuineIntel



---------------  S Y S T E M  ---------------

OS: Windows 10 , 64 bit Build 22000 (10.0.22000.318)

CPU:total 4 (initial active 4) (2 cores per cpu, 2 threads per core) family 6 model 69 stepping 1, cmov, cx8, fxsr, mmx, sse, sse2, sse3, ssse3, sse4.1, sse4.2, popcnt, avx, avx2, aes, clmul, erms, lzcnt, ht, tsc, tscinvbit, bmi1, bmi2, fma

Memory: 4k page, system-wide physical 8115M (326M free)
TotalPageFile size 23109M (AvailPageFile size 54M)
current process WorkingSet (physical memory assigned to process): 10M, peak: 10M
current process commit charge ("private bytes"): 52M, peak: 179M

vm_info: Java HotSpot(TM) 64-Bit Server VM (13.0.1+9) for windows-amd64 JRE (13.0.1+9), built on Oct  6 2019 12:37:49 by "mach5one" with unknown MS VC++:1916

END.
