#
# There is insufficient memory for the Java Runtime Environment to continue.
# Native memory allocation (mmap) failed to map 27262976 bytes for Failed to commit area from 0x0000000089200000 to 0x000000008ac00000 of length 27262976.
# Possible reasons:
#   The system is out of physical RAM or swap space
#   The process is running with CompressedOops enabled, and the Java Heap may be blocking the growth of the native heap
# Possible solutions:
#   Reduce memory load on the system
#   Increase physical memory or swap space
#   Check if swap backing store is full
#   Decrease Java heap size (-Xmx/-Xms)
#   Decrease number of Java threads
#   Decrease Java thread stack sizes (-Xss)
#   Set larger code cache with -XX:ReservedCodeCacheSize=
#   JVM is running with Unscaled Compressed Oops mode in which the Java heap is
#     placed in the first 4GB address space. The Java Heap base address is the
#     maximum limit for the native heap growth. Please use -XX:HeapBaseMinAddress
#     to set the Java Heap base and to place the Java Heap above 4GB virtual address.
# This output file may be truncated or incomplete.
#
#  Out of Memory Error (t:/workspace/open/src/hotspot/os/windows/os_windows.cpp:3301), pid=9104, tid=6240
#
# JRE version: Java(TM) SE Runtime Environment (13.0.1+9) (build 13.0.1+9)
# Java VM: Java HotSpot(TM) 64-Bit Server VM (13.0.1+9, mixed mode, sharing, tiered, compressed oops, g1 gc, windows-amd64)
# No core dump will be written. Minidumps are not enabled by default on client versions of Windows
#

---------------  S U M M A R Y ------------

Command Line: -Dfile.encoding=UTF-8 com.connecsen.jereserve.JreserveApplication

Host: Intel(R) Core(TM) i5-4288U CPU @ 2.60GHz, 4 cores, 7G,  Windows 10 , 64 bit Build 22000 (10.0.22000.318)
Time: Mon Jan 10 10:15:37 2022 Greenwich elapsed time: 9 seconds (0d 0h 0m 9s)

---------------  T H R E A D  ---------------

Current thread (0x00000240334b8800):  VMThread "VM Thread" [stack: 0x000000891bf00000,0x000000891c000000] [id=6240]

Stack: [0x000000891bf00000,0x000000891c000000]
[error occurred during error reporting (printing stack bounds), id 0xc0000005, EXCEPTION_ACCESS_VIOLATION (0xc0000005) at pc=0x000002401d3610ad]

Native frames: (J=compiled Java code, j=interpreted, Vv=VM code, C=native code)
V  [jvm.dll+0x626eca]
V  [jvm.dll+0x772c6a]
V  [jvm.dll+0x77441f]
V  [jvm.dll+0x774985]
V  [jvm.dll+0x77493b]
V  [jvm.dll+0x6266ff]
C  [ntdll.dll+0x7bfea]
C  [ntdll.dll+0x35812]
C  [ntdll.dll+0xa730e]
C  0x000002401d3610ad

VM_Operation (0x000000891cdf8310): G1CollectForAllocation, mode: safepoint, requested by thread 0x0000024034d3e800


---------------  P R O C E S S  ---------------

Threads class SMR info:
_java_thread_list=0x0000024034e8b190, length=13, elements={
0x0000024014e60800, 0x00000240334bd000, 0x00000240334c2800, 0x00000240334dc000,
0x00000240334dd800, 0x00000240334e0000, 0x00000240334e5800, 0x00000240334ef800,
0x00000240340a3800, 0x00000240340b5000, 0x0000024034fc2000, 0x0000024034d3e800,
0x0000024034e9d800
}

Java Threads: ( => current thread )
  0x0000024014e60800 JavaThread "main" [_thread_blocked, id=6068, stack(0x000000891b900000,0x000000891ba00000)]
  0x00000240334bd000 JavaThread "Reference Handler" daemon [_thread_blocked, id=10164, stack(0x000000891c000000,0x000000891c100000)]
  0x00000240334c2800 JavaThread "Finalizer" daemon [_thread_blocked, id=16560, stack(0x000000891c100000,0x000000891c200000)]
  0x00000240334dc000 JavaThread "Signal Dispatcher" daemon [_thread_blocked, id=2192, stack(0x000000891c200000,0x000000891c300000)]
  0x00000240334dd800 JavaThread "Attach Listener" daemon [_thread_blocked, id=16712, stack(0x000000891c300000,0x000000891c400000)]
  0x00000240334e0000 JavaThread "C2 CompilerThread0" daemon [_thread_blocked, id=9536, stack(0x000000891c400000,0x000000891c500000)]
  0x00000240334e5800 JavaThread "C1 CompilerThread0" daemon [_thread_blocked, id=12708, stack(0x000000891c500000,0x000000891c600000)]
  0x00000240334ef800 JavaThread "Sweeper thread" daemon [_thread_blocked, id=8560, stack(0x000000891c600000,0x000000891c700000)]
  0x00000240340a3800 JavaThread "Service Thread" daemon [_thread_blocked, id=7688, stack(0x000000891c700000,0x000000891c800000)]
  0x00000240340b5000 JavaThread "Common-Cleaner" daemon [_thread_blocked, id=7992, stack(0x000000891c900000,0x000000891ca00000)]
  0x0000024034fc2000 JavaThread "Thread-0" [_thread_blocked, id=5760, stack(0x000000891cc00000,0x000000891cd00000)]
  0x0000024034d3e800 JavaThread "restartedMain" [_thread_blocked, id=8872, stack(0x000000891cd00000,0x000000891ce00000)]
  0x0000024034e9d800 JavaThread "background-preinit" [_thread_blocked, id=7996, stack(0x000000891ce00000,0x000000891cf00000)]

Other Threads:
=>0x00000240334b8800 VMThread "VM Thread" [stack: 0x000000891bf00000,0x000000891c000000] [id=6240]
  0x00000240340a8800 WatcherThread [stack: 0x000000891c800000,0x000000891c900000] [id=14500]
  0x0000024014ea5000 GCTaskThread "GC Thread#0" [stack: 0x000000891ba00000,0x000000891bb00000] [id=17364]
  0x0000024034612800 GCTaskThread "GC Thread#1" [stack: 0x000000891ca00000,0x000000891cb00000] [id=17292]
  0x00000240345eb800 GCTaskThread "GC Thread#2" [stack: 0x000000891cb00000,0x000000891cc00000] [id=5372]
  0x0000024035499000 GCTaskThread "GC Thread#3" [stack: 0x000000891cf00000,0x000000891d000000] [id=11180]
  0x0000024014eb7800 ConcurrentGCThread "G1 Main Marker" [stack: 0x000000891bb00000,0x000000891bc00000] [id=7832]
  0x0000024014eb9800 ConcurrentGCThread "G1 Conc#0" [stack: 0x000000891bc00000,0x000000891bd00000] [id=16668]
  0x0000024033336800 ConcurrentGCThread "G1 Refine#0" [stack: 0x000000891bd00000,0x000000891be00000] [id=3944]
  0x0000024033338800 ConcurrentGCThread "G1 Young RemSet Sampling" [stack: 0x000000891be00000,0x000000891bf00000] [id=13744]

Threads with active compile tasks:
C2 CompilerThread0     9065 2423       4       java.lang.reflect.ProxyGenerator$ConstantPool::getIndirect (63 bytes)

VM state:at safepoint (normal execution)

VM Mutex/Monitor currently owned by a thread:  ([mutex/lock_event])
[0x0000024014e5e010] Threads_lock - owner thread: 0x00000240334b8800
[0x0000024014e5db00] Heap_lock - owner thread: 0x0000024034d3e800

Heap address: 0x0000000081200000, size: 2030 MB, Compressed Oops mode: 32-bit
Narrow klass base: 0x0000000800000000, Narrow klass shift: 3
Compressed class space size: 1073741824 Address: 0x0000000800b40000

Heap:
 garbage-first heap   total 157696K, used 12790K [0x0000000081200000, 0x0000000100000000)
  region size 1024K, 5 young (5120K), 5 survivors (5120K)
 Metaspace       used 19679K, capacity 20308K, committed 20480K, reserved 1067008K
  class space    used 2484K, capacity 2709K, committed 2816K, reserved 1048576K
Heap Regions: E=young(eden), S=young(survivor), O=old, HS=humongous(starts), HC=humongous(continues), CS=collection set, F=free, A=archive, TAMS=top-at-mark-start (previous, next)
|   0|0x0000000081200000, 0x0000000081300000, 0x0000000081300000|100%|HS|  |TAMS 0x0000000081200000, 0x0000000081200000| Complete 
|   1|0x0000000081300000, 0x0000000081400000, 0x0000000081400000|100%| O|  |TAMS 0x0000000081300000, 0x0000000081300000| Untracked 
|   2|0x0000000081400000, 0x0000000081500000, 0x0000000081500000|100%| O|  |TAMS 0x0000000081400000, 0x0000000081400000| Untracked 
|   3|0x0000000081500000, 0x0000000081600000, 0x0000000081600000|100%| O|  |TAMS 0x0000000081500000, 0x0000000081500000| Untracked 
|   4|0x0000000081600000, 0x0000000081700000, 0x0000000081700000|100%| O|  |TAMS 0x0000000081600000, 0x0000000081600000| Untracked 
|   5|0x0000000081700000, 0x0000000081800000, 0x0000000081800000|100%| O|  |TAMS 0x0000000081700000, 0x0000000081700000| Untracked 
|   6|0x0000000081800000, 0x0000000081900000, 0x0000000081900000|100%| O|  |TAMS 0x0000000081800000, 0x0000000081800000| Untracked 
|   7|0x0000000081900000, 0x0000000081a00000, 0x0000000081a00000|100%| O|  |TAMS 0x0000000081900000, 0x0000000081900000| Untracked 
|   8|0x0000000081a00000, 0x0000000081a68c00, 0x0000000081b00000| 40%| O|  |TAMS 0x0000000081a00000, 0x0000000081a00000| Untracked 
|   9|0x0000000081b00000, 0x0000000081b00000, 0x0000000081c00000|  0%| F|  |TAMS 0x0000000081b00000, 0x0000000081b00000| Untracked 
|  10|0x0000000081c00000, 0x0000000081c00000, 0x0000000081d00000|  0%| F|  |TAMS 0x0000000081c00000, 0x0000000081c00000| Untracked 
|  11|0x0000000081d00000, 0x0000000081d00000, 0x0000000081e00000|  0%| F|  |TAMS 0x0000000081d00000, 0x0000000081d00000| Untracked 
|  12|0x0000000081e00000, 0x0000000081e00000, 0x0000000081f00000|  0%| F|  |TAMS 0x0000000081e00000, 0x0000000081e00000| Untracked 
|  13|0x0000000081f00000, 0x0000000081f00000, 0x0000000082000000|  0%| F|  |TAMS 0x0000000081f00000, 0x0000000081f00000| Untracked 
|  14|0x0000000082000000, 0x0000000082000000, 0x0000000082100000|  0%| F|  |TAMS 0x0000000082000000, 0x0000000082000000| Untracked 
|  15|0x0000000082100000, 0x0000000082100000, 0x0000000082200000|  0%| F|  |TAMS 0x0000000082100000, 0x0000000082100000| Untracked 
|  16|0x0000000082200000, 0x0000000082200000, 0x0000000082300000|  0%| F|  |TAMS 0x0000000082200000, 0x0000000082200000| Untracked 
|  17|0x0000000082300000, 0x0000000082300000, 0x0000000082400000|  0%| F|  |TAMS 0x0000000082300000, 0x0000000082300000| Untracked 
|  18|0x0000000082400000, 0x0000000082400000, 0x0000000082500000|  0%| F|  |TAMS 0x0000000082400000, 0x0000000082400000| Untracked 
|  19|0x0000000082500000, 0x0000000082500000, 0x0000000082600000|  0%| F|  |TAMS 0x0000000082500000, 0x0000000082500000| Untracked 
|  20|0x0000000082600000, 0x0000000082600000, 0x0000000082700000|  0%| F|  |TAMS 0x0000000082600000, 0x0000000082600000| Untracked 
|  21|0x0000000082700000, 0x0000000082700000, 0x0000000082800000|  0%| F|  |TAMS 0x0000000082700000, 0x0000000082700000| Untracked 
|  22|0x0000000082800000, 0x0000000082800000, 0x0000000082900000|  0%| F|  |TAMS 0x0000000082800000, 0x0000000082800000| Untracked 
|  23|0x0000000082900000, 0x0000000082900000, 0x0000000082a00000|  0%| F|  |TAMS 0x0000000082900000, 0x0000000082900000| Untracked 
|  24|0x0000000082a00000, 0x0000000082a00000, 0x0000000082b00000|  0%| F|  |TAMS 0x0000000082a00000, 0x0000000082a00000| Untracked 
|  25|0x0000000082b00000, 0x0000000082b00000, 0x0000000082c00000|  0%| F|  |TAMS 0x0000000082b00000, 0x0000000082b00000| Untracked 
|  26|0x0000000082c00000, 0x0000000082c00000, 0x0000000082d00000|  0%| F|  |TAMS 0x0000000082c00000, 0x0000000082c00000| Untracked 
|  27|0x0000000082d00000, 0x0000000082d00000, 0x0000000082e00000|  0%| F|  |TAMS 0x0000000082d00000, 0x0000000082d00000| Untracked 
|  28|0x0000000082e00000, 0x0000000082e00000, 0x0000000082f00000|  0%| F|  |TAMS 0x0000000082e00000, 0x0000000082e00000| Untracked 
|  29|0x0000000082f00000, 0x0000000082f00000, 0x0000000083000000|  0%| F|  |TAMS 0x0000000082f00000, 0x0000000082f00000| Untracked 
|  30|0x0000000083000000, 0x0000000083000000, 0x0000000083100000|  0%| F|  |TAMS 0x0000000083000000, 0x0000000083000000| Untracked 
|  31|0x0000000083100000, 0x0000000083100000, 0x0000000083200000|  0%| F|  |TAMS 0x0000000083100000, 0x0000000083100000| Untracked 
|  32|0x0000000083200000, 0x0000000083200000, 0x0000000083300000|  0%| F|  |TAMS 0x0000000083200000, 0x0000000083200000| Untracked 
|  33|0x0000000083300000, 0x0000000083300000, 0x0000000083400000|  0%| F|  |TAMS 0x0000000083300000, 0x0000000083300000| Untracked 
|  34|0x0000000083400000, 0x0000000083400000, 0x0000000083500000|  0%| F|  |TAMS 0x0000000083400000, 0x0000000083400000| Untracked 
|  35|0x0000000083500000, 0x0000000083500000, 0x0000000083600000|  0%| F|  |TAMS 0x0000000083500000, 0x0000000083500000| Untracked 
|  36|0x0000000083600000, 0x0000000083600000, 0x0000000083700000|  0%| F|  |TAMS 0x0000000083600000, 0x0000000083600000| Untracked 
|  37|0x0000000083700000, 0x0000000083700000, 0x0000000083800000|  0%| F|  |TAMS 0x0000000083700000, 0x0000000083700000| Untracked 
|  38|0x0000000083800000, 0x0000000083800000, 0x0000000083900000|  0%| F|  |TAMS 0x0000000083800000, 0x0000000083800000| Untracked 
|  39|0x0000000083900000, 0x0000000083900000, 0x0000000083a00000|  0%| F|  |TAMS 0x0000000083900000, 0x0000000083900000| Untracked 
|  40|0x0000000083a00000, 0x0000000083a00000, 0x0000000083b00000|  0%| F|  |TAMS 0x0000000083a00000, 0x0000000083a00000| Untracked 
|  41|0x0000000083b00000, 0x0000000083b00000, 0x0000000083c00000|  0%| F|  |TAMS 0x0000000083b00000, 0x0000000083b00000| Untracked 
|  42|0x0000000083c00000, 0x0000000083c00000, 0x0000000083d00000|  0%| F|  |TAMS 0x0000000083c00000, 0x0000000083c00000| Untracked 
|  43|0x0000000083d00000, 0x0000000083d00000, 0x0000000083e00000|  0%| F|  |TAMS 0x0000000083d00000, 0x0000000083d00000| Untracked 
|  44|0x0000000083e00000, 0x0000000083e00000, 0x0000000083f00000|  0%| F|  |TAMS 0x0000000083e00000, 0x0000000083e00000| Untracked 
|  45|0x0000000083f00000, 0x0000000083f00000, 0x0000000084000000|  0%| F|  |TAMS 0x0000000083f00000, 0x0000000083f00000| Untracked 
|  46|0x0000000084000000, 0x0000000084000000, 0x0000000084100000|  0%| F|  |TAMS 0x0000000084000000, 0x0000000084000000| Untracked 
|  47|0x0000000084100000, 0x0000000084114e50, 0x0000000084200000|  8%| S|CS|TAMS 0x0000000084100000, 0x0000000084100000| Complete 
|  48|0x0000000084200000, 0x0000000084300000, 0x0000000084300000|100%| S|CS|TAMS 0x0000000084200000, 0x0000000084200000| Complete 
|  49|0x0000000084300000, 0x0000000084300000, 0x0000000084400000|  0%| F|  |TAMS 0x0000000084300000, 0x0000000084300000| Untracked 
|  50|0x0000000084400000, 0x0000000084400000, 0x0000000084500000|  0%| F|  |TAMS 0x0000000084400000, 0x0000000084400000| Untracked 
|  51|0x0000000084500000, 0x0000000084500000, 0x0000000084600000|  0%| F|  |TAMS 0x0000000084500000, 0x0000000084500000| Untracked 
|  52|0x0000000084600000, 0x0000000084700000, 0x0000000084700000|100%| S|CS|TAMS 0x0000000084600000, 0x0000000084600000| Complete 
|  53|0x0000000084700000, 0x0000000084800000, 0x0000000084800000|100%| S|CS|TAMS 0x0000000084700000, 0x0000000084700000| Complete 
|  54|0x0000000084800000, 0x0000000084900000, 0x0000000084900000|100%| S|CS|TAMS 0x0000000084800000, 0x0000000084800000| Complete 
|  55|0x0000000084900000, 0x0000000084900000, 0x0000000084a00000|  0%| F|  |TAMS 0x0000000084900000, 0x0000000084900000| Untracked 
|  56|0x0000000084a00000, 0x0000000084a00000, 0x0000000084b00000|  0%| F|  |TAMS 0x0000000084a00000, 0x0000000084a00000| Untracked 
|  57|0x0000000084b00000, 0x0000000084b00000, 0x0000000084c00000|  0%| F|  |TAMS 0x0000000084b00000, 0x0000000084b00000| Untracked 
|  58|0x0000000084c00000, 0x0000000084c00000, 0x0000000084d00000|  0%| F|  |TAMS 0x0000000084c00000, 0x0000000084c00000| Untracked 
|  59|0x0000000084d00000, 0x0000000084d00000, 0x0000000084e00000|  0%| F|  |TAMS 0x0000000084d00000, 0x0000000084d00000| Untracked 
|  60|0x0000000084e00000, 0x0000000084e00000, 0x0000000084f00000|  0%| F|  |TAMS 0x0000000084e00000, 0x0000000084e00000| Untracked 
|  61|0x0000000084f00000, 0x0000000084f00000, 0x0000000085000000|  0%| F|  |TAMS 0x0000000084f00000, 0x0000000084f00000| Untracked 
|  62|0x0000000085000000, 0x0000000085000000, 0x0000000085100000|  0%| F|  |TAMS 0x0000000085000000, 0x0000000085000000| Untracked 
|  63|0x0000000085100000, 0x0000000085100000, 0x0000000085200000|  0%| F|  |TAMS 0x0000000085100000, 0x0000000085100000| Untracked 
|  64|0x0000000085200000, 0x0000000085200000, 0x0000000085300000|  0%| F|  |TAMS 0x0000000085200000, 0x0000000085200000| Untracked 
|  65|0x0000000085300000, 0x0000000085300000, 0x0000000085400000|  0%| F|  |TAMS 0x0000000085300000, 0x0000000085300000| Untracked 
|  66|0x0000000085400000, 0x0000000085400000, 0x0000000085500000|  0%| F|  |TAMS 0x0000000085400000, 0x0000000085400000| Untracked 
|  67|0x0000000085500000, 0x0000000085500000, 0x0000000085600000|  0%| F|  |TAMS 0x0000000085500000, 0x0000000085500000| Untracked 
|  68|0x0000000085600000, 0x0000000085600000, 0x0000000085700000|  0%| F|  |TAMS 0x0000000085600000, 0x0000000085600000| Untracked 
|  69|0x0000000085700000, 0x0000000085700000, 0x0000000085800000|  0%| F|  |TAMS 0x0000000085700000, 0x0000000085700000| Untracked 
|  70|0x0000000085800000, 0x0000000085800000, 0x0000000085900000|  0%| F|  |TAMS 0x0000000085800000, 0x0000000085800000| Untracked 
|  71|0x0000000085900000, 0x0000000085900000, 0x0000000085a00000|  0%| F|  |TAMS 0x0000000085900000, 0x0000000085900000| Untracked 
|  72|0x0000000085a00000, 0x0000000085a00000, 0x0000000085b00000|  0%| F|  |TAMS 0x0000000085a00000, 0x0000000085a00000| Untracked 
|  73|0x0000000085b00000, 0x0000000085b00000, 0x0000000085c00000|  0%| F|  |TAMS 0x0000000085b00000, 0x0000000085b00000| Untracked 
|  74|0x0000000085c00000, 0x0000000085c00000, 0x0000000085d00000|  0%| F|  |TAMS 0x0000000085c00000, 0x0000000085c00000| Untracked 
|  75|0x0000000085d00000, 0x0000000085d00000, 0x0000000085e00000|  0%| F|  |TAMS 0x0000000085d00000, 0x0000000085d00000| Untracked 
|  76|0x0000000085e00000, 0x0000000085e00000, 0x0000000085f00000|  0%| F|  |TAMS 0x0000000085e00000, 0x0000000085e00000| Untracked 
|  77|0x0000000085f00000, 0x0000000085f00000, 0x0000000086000000|  0%| F|  |TAMS 0x0000000085f00000, 0x0000000085f00000| Untracked 
|  78|0x0000000086000000, 0x0000000086000000, 0x0000000086100000|  0%| F|  |TAMS 0x0000000086000000, 0x0000000086000000| Untracked 
|  79|0x0000000086100000, 0x0000000086100000, 0x0000000086200000|  0%| F|  |TAMS 0x0000000086100000, 0x0000000086100000| Untracked 
|  80|0x0000000086200000, 0x0000000086200000, 0x0000000086300000|  0%| F|  |TAMS 0x0000000086200000, 0x0000000086200000| Untracked 
|  81|0x0000000086300000, 0x0000000086300000, 0x0000000086400000|  0%| F|  |TAMS 0x0000000086300000, 0x0000000086300000| Untracked 
|  82|0x0000000086400000, 0x0000000086400000, 0x0000000086500000|  0%| F|  |TAMS 0x0000000086400000, 0x0000000086400000| Untracked 
|  83|0x0000000086500000, 0x0000000086500000, 0x0000000086600000|  0%| F|  |TAMS 0x0000000086500000, 0x0000000086500000| Untracked 
|  84|0x0000000086600000, 0x0000000086600000, 0x0000000086700000|  0%| F|  |TAMS 0x0000000086600000, 0x0000000086600000| Untracked 
|  85|0x0000000086700000, 0x0000000086700000, 0x0000000086800000|  0%| F|  |TAMS 0x0000000086700000, 0x0000000086700000| Untracked 
|  86|0x0000000086800000, 0x0000000086800000, 0x0000000086900000|  0%| F|  |TAMS 0x0000000086800000, 0x0000000086800000| Untracked 
|  87|0x0000000086900000, 0x0000000086900000, 0x0000000086a00000|  0%| F|  |TAMS 0x0000000086900000, 0x0000000086900000| Untracked 
|  88|0x0000000086a00000, 0x0000000086a00000, 0x0000000086b00000|  0%| F|  |TAMS 0x0000000086a00000, 0x0000000086a00000| Untracked 
|  89|0x0000000086b00000, 0x0000000086b00000, 0x0000000086c00000|  0%| F|  |TAMS 0x0000000086b00000, 0x0000000086b00000| Untracked 
|  90|0x0000000086c00000, 0x0000000086c00000, 0x0000000086d00000|  0%| F|  |TAMS 0x0000000086c00000, 0x0000000086c00000| Untracked 
|  91|0x0000000086d00000, 0x0000000086d00000, 0x0000000086e00000|  0%| F|  |TAMS 0x0000000086d00000, 0x0000000086d00000| Untracked 
|  92|0x0000000086e00000, 0x0000000086e00000, 0x0000000086f00000|  0%| F|  |TAMS 0x0000000086e00000, 0x0000000086e00000| Untracked 
|  93|0x0000000086f00000, 0x0000000086f00000, 0x0000000087000000|  0%| F|  |TAMS 0x0000000086f00000, 0x0000000086f00000| Untracked 
|  94|0x0000000087000000, 0x0000000087000000, 0x0000000087100000|  0%| F|  |TAMS 0x0000000087000000, 0x0000000087000000| Untracked 
|  95|0x0000000087100000, 0x0000000087100000, 0x0000000087200000|  0%| F|  |TAMS 0x0000000087100000, 0x0000000087100000| Untracked 
|  96|0x0000000087200000, 0x0000000087200000, 0x0000000087300000|  0%| F|  |TAMS 0x0000000087200000, 0x0000000087200000| Untracked 
|  97|0x0000000087300000, 0x0000000087300000, 0x0000000087400000|  0%| F|  |TAMS 0x0000000087300000, 0x0000000087300000| Untracked 
|  98|0x0000000087400000, 0x0000000087400000, 0x0000000087500000|  0%| F|  |TAMS 0x0000000087400000, 0x0000000087400000| Untracked 
|  99|0x0000000087500000, 0x0000000087500000, 0x0000000087600000|  0%| F|  |TAMS 0x0000000087500000, 0x0000000087500000| Untracked 
| 100|0x0000000087600000, 0x0000000087600000, 0x0000000087700000|  0%| F|  |TAMS 0x0000000087600000, 0x0000000087600000| Untracked 
| 101|0x0000000087700000, 0x0000000087700000, 0x0000000087800000|  0%| F|  |TAMS 0x0000000087700000, 0x0000000087700000| Untracked 
| 102|0x0000000087800000, 0x0000000087800000, 0x0000000087900000|  0%| F|  |TAMS 0x0000000087800000, 0x0000000087800000| Untracked 
| 103|0x0000000087900000, 0x0000000087900000, 0x0000000087a00000|  0%| F|  |TAMS 0x0000000087900000, 0x0000000087900000| Untracked 
| 104|0x0000000087a00000, 0x0000000087a00000, 0x0000000087b00000|  0%| F|  |TAMS 0x0000000087a00000, 0x0000000087a00000| Untracked 
| 105|0x0000000087b00000, 0x0000000087b00000, 0x0000000087c00000|  0%| F|  |TAMS 0x0000000087b00000, 0x0000000087b00000| Untracked 
| 106|0x0000000087c00000, 0x0000000087c00000, 0x0000000087d00000|  0%| F|  |TAMS 0x0000000087c00000, 0x0000000087c00000| Untracked 
| 107|0x0000000087d00000, 0x0000000087d00000, 0x0000000087e00000|  0%| F|  |TAMS 0x0000000087d00000, 0x0000000087d00000| Untracked 
| 108|0x0000000087e00000, 0x0000000087e00000, 0x0000000087f00000|  0%| F|  |TAMS 0x0000000087e00000, 0x0000000087e00000| Untracked 
| 109|0x0000000087f00000, 0x0000000087f00000, 0x0000000088000000|  0%| F|  |TAMS 0x0000000087f00000, 0x0000000087f00000| Untracked 
| 110|0x0000000088000000, 0x0000000088000000, 0x0000000088100000|  0%| F|  |TAMS 0x0000000088000000, 0x0000000088000000| Untracked 
| 111|0x0000000088100000, 0x0000000088100000, 0x0000000088200000|  0%| F|  |TAMS 0x0000000088100000, 0x0000000088100000| Untracked 
| 112|0x0000000088200000, 0x0000000088200000, 0x0000000088300000|  0%| F|  |TAMS 0x0000000088200000, 0x0000000088200000| Untracked 
| 113|0x0000000088300000, 0x0000000088300000, 0x0000000088400000|  0%| F|  |TAMS 0x0000000088300000, 0x0000000088300000| Untracked 
| 114|0x0000000088400000, 0x0000000088400000, 0x0000000088500000|  0%| F|  |TAMS 0x0000000088400000, 0x0000000088400000| Untracked 
| 115|0x0000000088500000, 0x0000000088500000, 0x0000000088600000|  0%| F|  |TAMS 0x0000000088500000, 0x0000000088500000| Untracked 
| 116|0x0000000088600000, 0x0000000088600000, 0x0000000088700000|  0%| F|  |TAMS 0x0000000088600000, 0x0000000088600000| Untracked 
| 117|0x0000000088700000, 0x0000000088700000, 0x0000000088800000|  0%| F|  |TAMS 0x0000000088700000, 0x0000000088700000| Untracked 
| 118|0x0000000088800000, 0x0000000088800000, 0x0000000088900000|  0%| F|  |TAMS 0x0000000088800000, 0x0000000088800000| Untracked 
| 119|0x0000000088900000, 0x0000000088900000, 0x0000000088a00000|  0%| F|  |TAMS 0x0000000088900000, 0x0000000088900000| Untracked 
| 120|0x0000000088a00000, 0x0000000088a00000, 0x0000000088b00000|  0%| F|  |TAMS 0x0000000088a00000, 0x0000000088a00000| Untracked 
| 121|0x0000000088b00000, 0x0000000088b00000, 0x0000000088c00000|  0%| F|  |TAMS 0x0000000088b00000, 0x0000000088b00000| Untracked 
| 122|0x0000000088c00000, 0x0000000088c00000, 0x0000000088d00000|  0%| F|  |TAMS 0x0000000088c00000, 0x0000000088c00000| Untracked 
| 123|0x0000000088d00000, 0x0000000088d00000, 0x0000000088e00000|  0%| F|  |TAMS 0x0000000088d00000, 0x0000000088d00000| Untracked 
| 124|0x0000000088e00000, 0x0000000088e00000, 0x0000000088f00000|  0%| F|  |TAMS 0x0000000088e00000, 0x0000000088e00000| Untracked 
| 125|0x0000000088f00000, 0x0000000088f00000, 0x0000000089000000|  0%| F|  |TAMS 0x0000000088f00000, 0x0000000088f00000| Untracked 
| 126|0x0000000089000000, 0x0000000089000000, 0x0000000089100000|  0%| F|  |TAMS 0x0000000089000000, 0x0000000089000000| Untracked 
| 127|0x0000000089100000, 0x0000000089100000, 0x0000000089200000|  0%| F|  |TAMS 0x0000000089100000, 0x0000000089100000| Untracked 

Card table byte_map: [0x000002402c760000,0x000002402cb60000] _byte_map_base: 0x000002402c357000

Marking Bits (Prev, Next): (CMBitMap*) 0x0000024014ea5a18, (CMBitMap*) 0x0000024014ea5a58
 Prev Bits: [0x000002402cf60000, 0x000002402ef18000)
 Next Bits: [0x000002402ef20000, 0x0000024030ed8000)

Polling page: 0x0000024012c10000

Metaspace:

Usage:
  Non-class:     17.19 MB capacity,    16.79 MB ( 98%) used,   342.88 KB (  2%) free+waste,    60.63 KB ( <1%) overhead. 
      Class:      2.65 MB capacity,     2.43 MB ( 92%) used,   194.59 KB (  7%) free+waste,    30.38 KB (  1%) overhead. 
       Both:     19.83 MB capacity,    19.22 MB ( 97%) used,   537.47 KB (  3%) free+waste,    91.00 KB ( <1%) overhead. 

Virtual space:
  Non-class space:       18.00 MB reserved,      17.25 MB ( 96%) committed 
      Class space:        1.00 GB reserved,       2.75 MB ( <1%) committed 
             Both:        1.02 GB reserved,      20.00 MB (  2%) committed 

Chunk freelists:
   Non-Class:  1.00 KB
       Class:  11.00 KB
        Both:  12.00 KB

MaxMetaspaceSize: 17179869184.00 GB
CompressedClassSpaceSize: 1.00 GB

CodeHeap 'non-profiled nmethods': size=120064Kb used=965Kb max_used=965Kb free=119098Kb
 bounds [0x0000024024e20000, 0x0000024025090000, 0x000002402c360000]
CodeHeap 'profiled nmethods': size=120000Kb used=4926Kb max_used=4926Kb free=115073Kb
 bounds [0x000002401d8f0000, 0x000002401ddd0000, 0x0000024024e20000]
CodeHeap 'non-nmethods': size=5696Kb used=1219Kb max_used=1243Kb free=4476Kb
 bounds [0x000002401d360000, 0x000002401d5d0000, 0x000002401d8f0000]
 total_blobs=3735 nmethods=2286 adapters=385
 compilation: enabled
              stopped_count=0, restarted_count=0
 full_count=0

Compilation events (20 events):
Event: 8.973 Thread 0x00000240334e5800 nmethod 2417 0x000002401ddbd410 code [0x000002401ddbd5e0, 0x000002401ddbd958]
Event: 8.973 Thread 0x00000240334e5800 2418       3       java.util.Collections$SingletonList::<init> (10 bytes)
Event: 8.973 Thread 0x00000240334e5800 nmethod 2418 0x000002401ddbda90 code [0x000002401ddbdc40, 0x000002401ddbdf38]
Event: 8.973 Thread 0x00000240334e5800 2419       1       org.springframework.core.annotation.AnnotationTypeMapping::getSource (5 bytes)
Event: 8.973 Thread 0x00000240334e5800 nmethod 2419 0x0000024024f10b10 code [0x0000024024f10ca0, 0x0000024024f10dd8]
Event: 8.974 Thread 0x00000240334e5800 2420       3       java.util.RegularEnumSet$EnumSetIterator::hasNext (15 bytes)
Event: 8.974 Thread 0x00000240334e5800 nmethod 2420 0x000002401ddbe010 code [0x000002401ddbe1c0, 0x000002401ddbe3b8]
Event: 8.977 Thread 0x00000240334e0000 2421       4       java.util.ArrayList::<init> (61 bytes)
Event: 8.979 Thread 0x00000240334e5800 2422       3       java.lang.reflect.ProxyGenerator::getFieldType (67 bytes)
Event: 8.980 Thread 0x00000240334e5800 nmethod 2422 0x000002401ddbe490 code [0x000002401ddbe780, 0x000002401ddbf5e0]
Event: 8.983 Thread 0x00000240334e0000 nmethod 2421 0x0000024024f10e90 code [0x0000024024f11020, 0x0000024024f11318]
Event: 8.983 Thread 0x00000240334e0000 2423       4       java.lang.reflect.ProxyGenerator$ConstantPool::getIndirect (63 bytes)
Event: 8.984 Thread 0x00000240334e5800 2424       1       org.springframework.core.type.classreading.SimpleMethodMetadata::getAnnotations (5 bytes)
Event: 8.984 Thread 0x00000240334e5800 nmethod 2424 0x0000024024f11410 code [0x0000024024f115a0, 0x0000024024f116d8]
Event: 8.993 Thread 0x00000240334e5800 2426       3       java.util.ArrayDeque::peek (5 bytes)
Event: 8.993 Thread 0x00000240334e5800 nmethod 2426 0x000002401ddbfa90 code [0x000002401ddbfc40, 0x000002401ddbff38]
Event: 8.995 Thread 0x00000240334e5800 2428       3       java.util.HashMap$KeySet::size (8 bytes)
Event: 8.996 Thread 0x00000240334e5800 nmethod 2428 0x000002401ddc0090 code [0x000002401ddc0240, 0x000002401ddc03d8]
Event: 8.996 Thread 0x00000240334e5800 2429       3       java.util.stream.ReferencePipeline$StatelessOp::<init> (29 bytes)
Event: 8.997 Thread 0x00000240334e5800 nmethod 2429 0x000002401ddc0490 code [0x000002401ddc0640, 0x000002401ddc0870]

GC Heap History (9 events):
Event: 3.332 GC heap before
{Heap before GC invocations=0 (full 0):
 garbage-first heap   total 131072K, used 15360K [0x0000000081200000, 0x0000000100000000)
  region size 1024K, 14 young (14336K), 0 survivors (0K)
 Metaspace       used 953K, capacity 4856K, committed 5120K, reserved 1056768K
  class space    used 59K, capacity 424K, committed 512K, reserved 1048576K
}
Event: 3.340 GC heap after
{Heap after GC invocations=1 (full 0):
 garbage-first heap   total 131072K, used 6788K [0x0000000081200000, 0x0000000100000000)
  region size 1024K, 2 young (2048K), 2 survivors (2048K)
 Metaspace       used 953K, capacity 4856K, committed 5120K, reserved 1056768K
  class space    used 59K, capacity 424K, committed 512K, reserved 1048576K
}
Event: 4.601 GC heap before
{Heap before GC invocations=1 (full 0):
 garbage-first heap   total 131072K, used 26244K [0x0000000081200000, 0x0000000100000000)
  region size 1024K, 21 young (21504K), 2 survivors (2048K)
 Metaspace       used 4752K, capacity 6537K, committed 6656K, reserved 1056768K
  class space    used 540K, capacity 711K, committed 768K, reserved 1048576K
}
Event: 4.609 GC heap after
{Heap after GC invocations=2 (full 0):
 garbage-first heap   total 131072K, used 8612K [0x0000000081200000, 0x0000000100000000)
  region size 1024K, 3 young (3072K), 3 survivors (3072K)
 Metaspace       used 4752K, capacity 6537K, committed 6656K, reserved 1056768K
  class space    used 540K, capacity 711K, committed 768K, reserved 1048576K
}
Event: 4.953 GC heap before
{Heap before GC invocations=2 (full 0):
 garbage-first heap   total 131072K, used 33188K [0x0000000081200000, 0x0000000100000000)
  region size 1024K, 28 young (28672K), 3 survivors (3072K)
 Metaspace       used 6449K, capacity 7462K, committed 7552K, reserved 1056768K
  class space    used 756K, capacity 852K, committed 896K, reserved 1048576K
}
Event: 4.960 GC heap after
{Heap after GC invocations=3 (full 0):
 garbage-first heap   total 131072K, used 9221K [0x0000000081200000, 0x0000000100000000)
  region size 1024K, 1 young (1024K), 1 survivors (1024K)
 Metaspace       used 6449K, capacity 7462K, committed 7552K, reserved 1056768K
  class space    used 756K, capacity 852K, committed 896K, reserved 1048576K
}
Event: 7.092 GC heap before
{Heap before GC invocations=3 (full 0):
 garbage-first heap   total 131072K, used 86021K [0x0000000081200000, 0x0000000100000000)
  region size 1024K, 76 young (77824K), 1 survivors (1024K)
 Metaspace       used 11910K, capacity 12402K, committed 12416K, reserved 1060864K
  class space    used 1488K, capacity 1662K, committed 1664K, reserved 1048576K
}
Event: 7.146 GC heap after
{Heap after GC invocations=4 (full 0):
 garbage-first heap   total 131072K, used 10744K [0x0000000081200000, 0x0000000100000000)
  region size 1024K, 3 young (3072K), 3 survivors (3072K)
 Metaspace       used 11910K, capacity 12402K, committed 12416K, reserved 1060864K
  class space    used 1488K, capacity 1662K, committed 1664K, reserved 1048576K
}
Event: 9.004 GC heap before
{Heap before GC invocations=4 (full 0):
 garbage-first heap   total 131072K, used 84472K [0x0000000081200000, 0x0000000100000000)
  region size 1024K, 76 young (77824K), 3 survivors (3072K)
 Metaspace       used 19679K, capacity 20308K, committed 20480K, reserved 1067008K
  class space    used 2484K, capacity 2709K, committed 2816K, reserved 1048576K
}

Deoptimization events (20 events):
Event: 8.270 Thread 0x0000024034e9d800 Uncommon trap: trap_request=0xffffffde fr.pc=0x0000024024ef1fc8 relative=0x0000000000000128
Event: 8.270 Thread 0x0000024034e9d800 Uncommon trap: reason=class_check action=maybe_recompile pc=0x0000024024ef1fc8 method=jdk.internal.misc.Unsafe.allocateUninitializedArray(Ljava/lang/Class;I)Ljava/lang/Object; @ 48 c2
Event: 8.270 Thread 0x0000024034e9d800 DEOPT PACKING pc=0x0000024024ef1fc8 sp=0x000000891cef9e50
Event: 8.270 Thread 0x0000024034e9d800 DEOPT UNPACKING pc=0x000002401d3a912f sp=0x000000891cef9dd8 mode 2
Event: 8.270 Thread 0x0000024034e9d800 Uncommon trap: trap_request=0xffffffde fr.pc=0x0000024024ef1fc8 relative=0x0000000000000128
Event: 8.270 Thread 0x0000024034e9d800 Uncommon trap: reason=class_check action=maybe_recompile pc=0x0000024024ef1fc8 method=jdk.internal.misc.Unsafe.allocateUninitializedArray(Ljava/lang/Class;I)Ljava/lang/Object; @ 48 c2
Event: 8.270 Thread 0x0000024034e9d800 DEOPT PACKING pc=0x0000024024ef1fc8 sp=0x000000891cef99c0
Event: 8.270 Thread 0x0000024034e9d800 DEOPT UNPACKING pc=0x000002401d3a912f sp=0x000000891cef9948 mode 2
Event: 8.381 Thread 0x0000024034e9d800 Uncommon trap: trap_request=0xffffffc6 fr.pc=0x0000024024e5c958 relative=0x00000000000007d8
Event: 8.381 Thread 0x0000024034e9d800 Uncommon trap: reason=bimorphic_or_optimized_type_check action=maybe_recompile pc=0x0000024024e5c958 method=java.util.HashMap.putVal(ILjava/lang/Object;Ljava/lang/Object;ZZ)Ljava/lang/Object; @ 91 c2
Event: 8.381 Thread 0x0000024034e9d800 DEOPT PACKING pc=0x0000024024e5c958 sp=0x000000891cefea70
Event: 8.381 Thread 0x0000024034e9d800 DEOPT UNPACKING pc=0x000002401d3a912f sp=0x000000891cefe980 mode 2
Event: 8.381 Thread 0x0000024034e9d800 Uncommon trap: trap_request=0xffffffc6 fr.pc=0x0000024024e5c958 relative=0x00000000000007d8
Event: 8.381 Thread 0x0000024034e9d800 Uncommon trap: reason=bimorphic_or_optimized_type_check action=maybe_recompile pc=0x0000024024e5c958 method=java.util.HashMap.putVal(ILjava/lang/Object;Ljava/lang/Object;ZZ)Ljava/lang/Object; @ 91 c2
Event: 8.381 Thread 0x0000024034e9d800 DEOPT PACKING pc=0x0000024024e5c958 sp=0x000000891cefea70
Event: 8.381 Thread 0x0000024034e9d800 DEOPT UNPACKING pc=0x000002401d3a912f sp=0x000000891cefe980 mode 2
Event: 8.393 Thread 0x0000024034e9d800 Uncommon trap: trap_request=0xffffffc6 fr.pc=0x0000024024e60578 relative=0x0000000000000778
Event: 8.393 Thread 0x0000024034e9d800 Uncommon trap: reason=bimorphic_or_optimized_type_check action=maybe_recompile pc=0x0000024024e60578 method=java.util.HashMap.putVal(ILjava/lang/Object;Ljava/lang/Object;ZZ)Ljava/lang/Object; @ 91 c2
Event: 8.393 Thread 0x0000024034e9d800 DEOPT PACKING pc=0x0000024024e60578 sp=0x000000891cefea50
Event: 8.394 Thread 0x0000024034e9d800 DEOPT UNPACKING pc=0x000002401d3a912f sp=0x000000891cefea00 mode 2

Classes unloaded (0 events):
No events

Classes redefined (0 events):
No events

Internal exceptions (20 events):
Event: 5.938 Thread 0x0000024034d3e800 Exception <a 'java/lang/NoSuchMethodError'{0x00000000854e6118}: 'void java.lang.invoke.DirectMethodHandle$Holder.invokeStaticInit(java.lang.Object, java.lang.Object, java.lang.Object)'> (0x00000000854e6118) 
thrown [t:/workspace/open/src/hotspot/share/interpreter/linkResolver.cpp, line 767]
Event: 6.050 Thread 0x0000024034d3e800 Exception <a 'java/lang/NoSuchMethodError'{0x000000008521f1a0}: 'void java.lang.invoke.DirectMethodHandle$Holder.invokeSpecial(java.lang.Object, java.lang.Object, java.lang.Object, java.lang.Object, java.lang.Object)'> (0x000000008521f1a0) 
thrown [t:/workspace/open/src/hotspot/share/interpreter/linkResolver.cpp, line 767]
Event: 6.095 Thread 0x0000024034d3e800 Exception <a 'java/lang/NoSuchMethodError'{0x0000000085083f78}: 'java.lang.Object java.lang.invoke.DirectMethodHandle$Holder.invokeStaticInit(java.lang.Object, int)'> (0x0000000085083f78) 
thrown [t:/workspace/open/src/hotspot/share/interpreter/linkResolver.cpp, line 767]
Event: 7.321 Thread 0x0000024034d3e800 Exception <a 'java/lang/NoSuchMethodError'{0x000000008918bfa0}: 'org.slf4j.impl.StaticMDCBinder org.slf4j.impl.StaticMDCBinder.getSingleton()'> (0x000000008918bfa0) 
thrown [t:/workspace/open/src/hotspot/share/interpreter/linkResolver.cpp, line 767]
Event: 7.961 Thread 0x0000024034d3e800 Exception <a 'java/lang/ClassNotFoundException'{0x0000000087ead890}: java/lang/ObjectCustomizer> (0x0000000087ead890) 
thrown [t:/workspace/open/src/hotspot/share/classfile/systemDictionary.cpp, line 232]
Event: 7.972 Thread 0x0000024034d3e800 Exception <a 'java/lang/IncompatibleClassChangeError'{0x0000000087eb2628}: Found class java.lang.Object, but interface was expected> (0x0000000087eb2628) 
thrown [t:/workspace/open/src/hotspot/share/interpreter/linkResolver.cpp, line 833]
Event: 7.990 Thread 0x0000024034d3e800 Exception <a 'java/lang/ClassNotFoundException'{0x0000000087ee8428}: org/springframework/context/annotation/ConfigurationClassPostProcessorCustomizer> (0x0000000087ee8428) 
thrown [t:/workspace/open/src/hotspot/share/classfile/systemDictionary.cpp, line 232]
Event: 7.999 Thread 0x0000024034d3e800 Exception <a 'java/lang/ClassNotFoundException'{0x0000000087b4e338}: org/springframework/beans/factory/support/BeanDefinitionRegistryPostProcessorCustomizer> (0x0000000087b4e338) 
thrown [t:/workspace/open/src/hotspot/share/classfile/systemDictionary.cpp, line 232]
Event: 8.000 Thread 0x0000024034d3e800 Exception <a 'java/lang/ClassNotFoundException'{0x0000000087b69db8}: org/springframework/beans/factory/config/BeanFactoryPostProcessorCustomizer> (0x0000000087b69db8) 
thrown [t:/workspace/open/src/hotspot/share/classfile/systemDictionary.cpp, line 232]
Event: 8.002 Thread 0x0000024034d3e800 Exception <a 'java/lang/ClassNotFoundException'{0x0000000087b80098}: org/springframework/core/PriorityOrderedCustomizer> (0x0000000087b80098) 
thrown [t:/workspace/open/src/hotspot/share/classfile/systemDictionary.cpp, line 232]
Event: 8.003 Thread 0x0000024034d3e800 Exception <a 'java/lang/ClassNotFoundException'{0x0000000087b93608}: org/springframework/core/OrderedCustomizer> (0x0000000087b93608) 
thrown [t:/workspace/open/src/hotspot/share/classfile/systemDictionary.cpp, line 232]
Event: 8.004 Thread 0x0000024034d3e800 Exception <a 'java/lang/ClassNotFoundException'{0x0000000087baa8c8}: org/springframework/context/ResourceLoaderAwareCustomizer> (0x0000000087baa8c8) 
thrown [t:/workspace/open/src/hotspot/share/classfile/systemDictionary.cpp, line 232]
Event: 8.006 Thread 0x0000024034d3e800 Exception <a 'java/lang/ClassNotFoundException'{0x0000000087bc02d8}: org/springframework/beans/factory/AwareCustomizer> (0x0000000087bc02d8) 
thrown [t:/workspace/open/src/hotspot/share/classfile/systemDictionary.cpp, line 232]
Event: 8.007 Thread 0x0000024034d3e800 Exception <a 'java/lang/ClassNotFoundException'{0x0000000087a57c80}: org/springframework/context/ApplicationStartupAwareCustomizer> (0x0000000087a57c80) 
thrown [t:/workspace/open/src/hotspot/share/classfile/systemDictionary.cpp, line 232]
Event: 8.009 Thread 0x0000024034d3e800 Exception <a 'java/lang/ClassNotFoundException'{0x0000000087a6d908}: org/springframework/beans/factory/AwareCustomizer> (0x0000000087a6d908) 
thrown [t:/workspace/open/src/hotspot/share/classfile/systemDictionary.cpp, line 232]
Event: 8.010 Thread 0x0000024034d3e800 Exception <a 'java/lang/ClassNotFoundException'{0x0000000087a85668}: org/springframework/beans/factory/BeanClassLoaderAwareCustomizer> (0x0000000087a85668) 
thrown [t:/workspace/open/src/hotspot/share/classfile/systemDictionary.cpp, line 232]
Event: 8.012 Thread 0x0000024034d3e800 Exception <a 'java/lang/ClassNotFoundException'{0x0000000087a9b090}: org/springframework/beans/factory/AwareCustomizer> (0x0000000087a9b090) 
thrown [t:/workspace/open/src/hotspot/share/classfile/systemDictionary.cpp, line 232]
Event: 8.014 Thread 0x0000024034d3e800 Exception <a 'java/lang/ClassNotFoundException'{0x0000000087ab1108}: org/springframework/context/EnvironmentAwareCustomizer> (0x0000000087ab1108) 
thrown [t:/workspace/open/src/hotspot/share/classfile/systemDictionary.cpp, line 232]
Event: 8.015 Thread 0x0000024034d3e800 Exception <a 'java/lang/ClassNotFoundException'{0x0000000087ac6aa8}: org/springframework/beans/factory/AwareCustomizer> (0x0000000087ac6aa8) 
thrown [t:/workspace/open/src/hotspot/share/classfile/systemDictionary.cpp, line 232]
Event: 8.473 Thread 0x0000024034e9d800 Exception <a 'java/lang/NoSuchMethodError'{0x000000008603bc80}: 'java.lang.Object java.lang.invoke.DirectMethodHandle$Holder.invokeStaticInit(java.lang.Object, java.lang.Object, java.lang.Object, java.lang.Object, java.lang.Object)'> (0x000000008603bc80) 
thrown [t:/workspace/open/src/hotspot/share/interpreter/linkResolver.cpp, line 767]

Events (20 events):
Event: 9.000 loading class com/fasterxml/jackson/databind/deser/impl/SetterlessProperty done
Event: 9.000 loading class org/springframework/boot/autoconfigure/condition/OnBeanCondition
Event: 9.000 loading class org/springframework/boot/autoconfigure/condition/OnBeanCondition done
Event: 9.001 loading class com/fasterxml/jackson/annotation/ObjectIdGenerator
Event: 9.001 loading class com/fasterxml/jackson/annotation/ObjectIdGenerator done
Event: 9.001 loading class com/fasterxml/jackson/databind/deser/impl/PropertyBasedObjectIdGenerator
Event: 9.001 loading class com/fasterxml/jackson/databind/deser/impl/PropertyBasedObjectIdGenerator done
Event: 9.002 loading class com/fasterxml/jackson/annotation/ObjectIdGenerators$PropertyGenerator
Event: 9.002 loading class org/springframework/context/annotation/ConfigurationCondition
Event: 9.002 loading class com/fasterxml/jackson/annotation/ObjectIdGenerators$PropertyGenerator done
Event: 9.002 loading class org/springframework/context/annotation/ConfigurationCondition done
Event: 9.002 loading class com/fasterxml/jackson/annotation/ObjectIdGenerators$Base
Event: 9.002 loading class com/fasterxml/jackson/annotation/ObjectIdGenerators$Base done
Event: 9.002 loading class org/springframework/boot/autoconfigure/condition/FilteringSpringBootCondition
Event: 9.002 loading class org/springframework/boot/autoconfigure/condition/FilteringSpringBootCondition done
Event: 9.003 loading class com/fasterxml/jackson/databind/deser/Deserializers
Event: 9.003 loading class com/fasterxml/jackson/databind/deser/Deserializers done
Event: 9.003 loading class org/springframework/boot/autoconfigure/condition/SpringBootCondition
Event: 9.003 loading class org/springframework/boot/autoconfigure/condition/SpringBootCondition done
Event: 9.004 Executing VM operation: G1CollectForAllocation


Dynamic libraries:
0x00007ff79eda0000 - 0x00007ff79edaf000 	C:\Program Files\Java\jdk-13.0.1\bin\javaw.exe
0x00007ff8c9f00000 - 0x00007ff8ca107000 	C:\Windows\SYSTEM32\ntdll.dll
0x00007ff8c9030000 - 0x00007ff8c90ed000 	C:\Windows\System32\KERNEL32.DLL
0x00007ff8c7660000 - 0x00007ff8c79d4000 	C:\Windows\System32\KERNELBASE.dll
0x00007ff8c74a0000 - 0x00007ff8c75b1000 	C:\Windows\System32\ucrtbase.dll
0x00007ff8b7650000 - 0x00007ff8b7668000 	C:\Program Files\Java\jdk-13.0.1\bin\jli.dll
0x00007ff8c8f80000 - 0x00007ff8c902c000 	C:\Windows\System32\ADVAPI32.dll
0x00007ff8c8310000 - 0x00007ff8c83b3000 	C:\Windows\System32\msvcrt.dll
0x00007ff8c9310000 - 0x00007ff8c93ad000 	C:\Windows\System32\sechost.dll
0x00007ff8c7d90000 - 0x00007ff8c7eb1000 	C:\Windows\System32\RPCRT4.dll
0x00007ff8c7ec0000 - 0x00007ff8c806c000 	C:\Windows\System32\USER32.dll
0x00007ff8c7a50000 - 0x00007ff8c7a76000 	C:\Windows\System32\win32u.dll
0x00007ff8c8f50000 - 0x00007ff8c8f79000 	C:\Windows\System32\GDI32.dll
0x00007ff8c7c70000 - 0x00007ff8c7d82000 	C:\Windows\System32\gdi32full.dll
0x00007ff8c75c0000 - 0x00007ff8c765d000 	C:\Windows\System32\msvcp_win.dll
0x00007ff8b6870000 - 0x00007ff8b6b15000 	C:\Windows\WinSxS\amd64_microsoft.windows.common-controls_6595b64144ccf1df_6.0.22000.120_none_9d947278b86cc467\COMCTL32.dll
0x00007ff8bbdf0000 - 0x00007ff8bbdfa000 	C:\Windows\SYSTEM32\VERSION.dll
0x00007ff89c400000 - 0x00007ff89c415000 	C:\Program Files\Java\jdk-13.0.1\bin\VCRUNTIME140.dll
0x00007ff8c92d0000 - 0x00007ff8c9301000 	C:\Windows\System32\IMM32.DLL
0x00007ff896ff0000 - 0x00007ff89708b000 	C:\Program Files\Java\jdk-13.0.1\bin\msvcp140.dll
0x00007ff863fa0000 - 0x00007ff864b06000 	C:\Program Files\Java\jdk-13.0.1\bin\server\jvm.dll
0x00007ff8c8070000 - 0x00007ff8c8078000 	C:\Windows\System32\PSAPI.DLL
0x00007ff8aab30000 - 0x00007ff8aab39000 	C:\Windows\SYSTEM32\WSOCK32.dll
0x00007ff8c9e50000 - 0x00007ff8c9ebf000 	C:\Windows\System32\WS2_32.dll
0x00007ff8c2860000 - 0x00007ff8c2893000 	C:\Windows\SYSTEM32\WINMM.dll
0x00007ff8c65f0000 - 0x00007ff8c6608000 	C:\Windows\SYSTEM32\kernel.appcore.dll
0x00007ff8b89c0000 - 0x00007ff8b89d0000 	C:\Program Files\Java\jdk-13.0.1\bin\verify.dll
0x00007ff8b6220000 - 0x00007ff8b6441000 	C:\Windows\SYSTEM32\DBGHELP.DLL
0x00007ff8b5b60000 - 0x00007ff8b5b91000 	C:\Windows\SYSTEM32\dbgcore.DLL
0x00007ff8c7bf0000 - 0x00007ff8c7c6f000 	C:\Windows\System32\bcryptPrimitives.dll
0x00007ff8a9a90000 - 0x00007ff8a9ab6000 	C:\Program Files\Java\jdk-13.0.1\bin\java.dll
0x00007ff8b3620000 - 0x00007ff8b3637000 	C:\Program Files\Java\jdk-13.0.1\bin\zip.dll
0x00007ff8b4370000 - 0x00007ff8b437a000 	C:\Program Files\Java\jdk-13.0.1\bin\jimage.dll
0x00007ff8c93b0000 - 0x00007ff8c9b5e000 	C:\Windows\System32\SHELL32.dll
0x00007ff8c5590000 - 0x00007ff8c5df7000 	C:\Windows\SYSTEM32\windows.storage.dll
0x00007ff8c86b0000 - 0x00007ff8c8a28000 	C:\Windows\System32\combase.dll
0x00007ff8c5420000 - 0x00007ff8c5586000 	C:\Windows\SYSTEM32\wintypes.dll
0x00007ff8c8080000 - 0x00007ff8c816a000 	C:\Windows\System32\SHCORE.dll
0x00007ff8c9170000 - 0x00007ff8c91cd000 	C:\Windows\System32\shlwapi.dll
0x00007ff8c7310000 - 0x00007ff8c7331000 	C:\Windows\SYSTEM32\profapi.dll
0x00007ff8aa580000 - 0x00007ff8aa599000 	C:\Program Files\Java\jdk-13.0.1\bin\net.dll
0x00007ff8c0c00000 - 0x00007ff8c0d0c000 	C:\Windows\SYSTEM32\WINHTTP.dll
0x00007ff8c6a00000 - 0x00007ff8c6a67000 	C:\Windows\system32\mswsock.dll
0x00007ff8a8900000 - 0x00007ff8a8913000 	C:\Program Files\Java\jdk-13.0.1\bin\nio.dll
0x00007ff8b35d0000 - 0x00007ff8b35d9000 	C:\Program Files\Java\jdk-13.0.1\bin\management.dll
0x00007ff8b33a0000 - 0x00007ff8b33ab000 	C:\Program Files\Java\jdk-13.0.1\bin\management_ext.dll
0x00007ff8ac950000 - 0x00007ff8ac967000 	C:\Windows\system32\napinsp.dll
0x00007ff8ac930000 - 0x00007ff8ac94b000 	C:\Windows\system32\pnrpnsp.dll
0x00007ff8c6160000 - 0x00007ff8c6247000 	C:\Windows\SYSTEM32\DNSAPI.dll
0x00007ff8c6130000 - 0x00007ff8c615d000 	C:\Windows\SYSTEM32\IPHLPAPI.DLL
0x00007ff8c8610000 - 0x00007ff8c8619000 	C:\Windows\System32\NSI.dll
0x00007ff8ac910000 - 0x00007ff8ac922000 	C:\Windows\System32\winrnr.dll
0x00007ff8bf200000 - 0x00007ff8bf215000 	C:\Windows\system32\wshbth.dll
0x00007ff8ac8f0000 - 0x00007ff8ac90f000 	C:\Windows\system32\nlansp_c.dll
0x00007ff8bbdc0000 - 0x00007ff8bbdca000 	C:\Windows\System32\rasadhlp.dll
0x00007ff8bc650000 - 0x00007ff8bc6d1000 	C:\Windows\System32\fwpuclnt.dll

dbghelp: loaded successfully - version: 4.0.5 - missing functions: none
symbol engine: initialized successfully - sym options: 0x614 - pdb path: .;C:\Program Files\Java\jdk-13.0.1\bin;C:\Windows\SYSTEM32;C:\Windows\WinSxS\amd64_microsoft.windows.common-controls_6595b64144ccf1df_6.0.22000.120_none_9d947278b86cc467;C:\Program Files\Java\jdk-13.0.1\bin\server

VM Arguments:
jvm_args: -Dfile.encoding=UTF-8 
java_command: com.connecsen.jereserve.JreserveApplication
java_class_path (initial): C:\Users\yabyo\projet-connecsen\je-reserve\target\classes;C:\Users\yabyo\.m2\repository\org\springframework\boot\spring-boot-starter-data-jpa\2.5.2\spring-boot-starter-data-jpa-2.5.2.jar;C:\Users\yabyo\.m2\repository\org\springframework\boot\spring-boot-starter-aop\2.5.2\spring-boot-starter-aop-2.5.2.jar;C:\Users\yabyo\.m2\repository\org\aspectj\aspectjweaver\1.9.6\aspectjweaver-1.9.6.jar;C:\Users\yabyo\.m2\repository\org\springframework\boot\spring-boot-starter-jdbc\2.5.2\spring-boot-starter-jdbc-2.5.2.jar;C:\Users\yabyo\.m2\repository\com\zaxxer\HikariCP\4.0.3\HikariCP-4.0.3.jar;C:\Users\yabyo\.m2\repository\org\springframework\spring-jdbc\5.3.8\spring-jdbc-5.3.8.jar;C:\Users\yabyo\.m2\repository\jakarta\transaction\jakarta.transaction-api\1.3.3\jakarta.transaction-api-1.3.3.jar;C:\Users\yabyo\.m2\repository\jakarta\persistence\jakarta.persistence-api\2.2.3\jakarta.persistence-api-2.2.3.jar;C:\Users\yabyo\.m2\repository\org\hibernate\hibernate-core\5.4.32.Final\hibernate-core-5.4.32.Final.jar;C:\Users\yabyo\.m2\repository\org\jboss\logging\jboss-logging\3.4.2.Final\jboss-logging-3.4.2.Final.jar;C:\Users\yabyo\.m2\repository\org\javassist\javassist\3.27.0-GA\javassist-3.27.0-GA.jar;C:\Users\yabyo\.m2\repository\net\bytebuddy\byte-buddy\1.10.22\byte-buddy-1.10.22.jar;C:\Users\yabyo\.m2\repository\antlr\antlr\2.7.7\antlr-2.7.7.jar;C:\Users\yabyo\.m2\repository\org\jboss\jandex\2.2.3.Final\jandex-2.2.3.Final.jar;C:\Users\yabyo\.m2\repository\com\fasterxml\classmate\1.5.1\classmate-1.5.1.jar;C:\Users\yabyo\.m2\repository\org\dom4j\dom4j\2.1.3\dom4j-2.1.3.jar;C:\Users\yabyo\.m2\repository\org\hibernate\common\hibernate-commons-annotations\5.1.2.Final\hibernate-commons-annotations-5.1.2.Final.jar;C:\Users\yabyo\.m2\repository\org\glassfish\jaxb\jaxb-runtime\2.3.4\jaxb-runtime-2.3.4.jar;C:\Users\yabyo\.m2\repository\org\glassfish\jaxb\txw2\2.3.4\txw2-2.3.4.jar;C:\Users\yabyo\.m2\repository\com\sun\istack\istack-commons-runtime\3.0.12\istack-co
Launcher Type: SUN_STANDARD

[Global flags]
     intx CICompilerCount                          = 3                                         {product} {ergonomic}
     uint ConcGCThreads                            = 1                                         {product} {ergonomic}
     uint G1ConcRefinementThreads                  = 4                                         {product} {ergonomic}
   size_t G1HeapRegionSize                         = 1048576                                   {product} {ergonomic}
    uintx GCDrainStackTargetSize                   = 64                                        {product} {ergonomic}
   size_t InitialHeapSize                          = 134217728                                 {product} {ergonomic}
   size_t MarkStackSize                            = 4194304                                   {product} {ergonomic}
   size_t MaxHeapSize                              = 2128609280                                {product} {ergonomic}
   size_t MaxNewSize                               = 1277165568                                {product} {ergonomic}
   size_t MinHeapDeltaBytes                        = 1048576                                   {product} {ergonomic}
   size_t MinHeapSize                              = 8388608                                   {product} {ergonomic}
    uintx NonNMethodCodeHeapSize                   = 5830732                                {pd product} {ergonomic}
    uintx NonProfiledCodeHeapSize                  = 122913754                              {pd product} {ergonomic}
    uintx ProfiledCodeHeapSize                     = 122913754                              {pd product} {ergonomic}
    uintx ReservedCodeCacheSize                    = 251658240                              {pd product} {ergonomic}
     bool SegmentedCodeCache                       = true                                      {product} {ergonomic}
   size_t SoftMaxHeapSize                          = 2128609280                             {manageable} {ergonomic}
     bool UseCompressedClassPointers               = true                                 {lp64_product} {ergonomic}
     bool UseCompressedOops                        = true                                 {lp64_product} {ergonomic}
     bool UseG1GC                                  = true                                      {product} {ergonomic}
     bool UseLargePagesIndividualAllocation        = false                                  {pd product} {ergonomic}

Logging:
Log output configuration:
 #0: stdout all=warning uptime,level,tags
 #1: stderr all=off uptime,level,tags

Environment Variables:
JAVA_HOME=C:\Program Files\Java\jdk-13.0.1
PATH=C:/Program Files/Java/jdk-13.0.1/bin/server;C:/Program Files/Java/jdk-13.0.1/bin;C:\Program Files (x86)\Intel\Intel(R) Management Engine Components\iCLS\;C:\Program Files\Intel\Intel(R) Management Engine Components\iCLS\;C:\Windows\system32;C:\Windows;C:\Windows\System32\Wbem;C:\Windows\System32\WindowsPowerShell\v1.0\;C:\Windows\System32\OpenSSH\;C:\Program Files (x86)\Intel\Intel(R) Management Engine Components\DAL;C:\Program Files\Intel\Intel(R) Management Engine Components\DAL;C:\Program Files (x86)\Intel\Intel(R) Management Engine Components\IPT;C:\Program Files\Intel\Intel(R) Management Engine Components\IPT;C:\Program Files\Git\cmd;C:\Program Files\Git\mingw64\bin;C:\Program Files\Git\usr\bin;C:\Program Files\nodejs\;C:\Program Files\MySQL\MySQL Shell 8.0\bin\;C:\Users\yabyo\AppData\Local\Microsoft\WindowsApps;C:\Program Files\Java\jdk-13.0.1\bin;C:\apache-jmeter-5.4.1\bin;C:\apache-maven-3.6.3\bin;C:\Program Files\Docker Toolbox;C:\Users\yabyo\AppData\Roaming\npm;C:\Users\yabyo\AppData\Local\Programs\Microsoft VS Code\bin;C:\Windows\System32;
USERNAME=Arouna
OS=Windows_NT
PROCESSOR_IDENTIFIER=Intel64 Family 6 Model 69 Stepping 1, GenuineIntel



---------------  S Y S T E M  ---------------

OS: Windows 10 , 64 bit Build 22000 (10.0.22000.318)

CPU:total 4 (initial active 4) (2 cores per cpu, 2 threads per core) family 6 model 69 stepping 1, cmov, cx8, fxsr, mmx, sse, sse2, sse3, ssse3, sse4.1, sse4.2, popcnt, avx, avx2, aes, clmul, erms, lzcnt, ht, tsc, tscinvbit, bmi1, bmi2, fma

Memory: 4k page, system-wide physical 8115M (251M free)
TotalPageFile size 23109M (AvailPageFile size 17M)
current process WorkingSet (physical memory assigned to process): 168M, peak: 168M
current process commit charge ("private bytes"): 246M, peak: 272M

vm_info: Java HotSpot(TM) 64-Bit Server VM (13.0.1+9) for windows-amd64 JRE (13.0.1+9), built on Oct  6 2019 12:37:49 by "mach5one" with unknown MS VC++:1916

END.
